[debug] [2021-04-20T20:33:25.998Z] ----------------------------------------------------------------------
[debug] [2021-04-20T20:33:26.000Z] Command:       /Users/joshholladay/.nvm/versions/node/v15.2.1/bin/node /Users/joshholladay/.nvm/versions/node/v15.2.1/bin/firebase emulators:start
[debug] [2021-04-20T20:33:26.000Z] CLI Version:   9.10.0
[debug] [2021-04-20T20:33:26.000Z] Platform:      darwin
[debug] [2021-04-20T20:33:26.000Z] Node Version:  v15.2.1
[debug] [2021-04-20T20:33:26.001Z] Time:          Tue Apr 20 2021 14:33:26 GMT-0600 (Mountain Daylight Time)
[debug] [2021-04-20T20:33:26.002Z] ----------------------------------------------------------------------
[debug] 
[debug] [2021-04-20T20:33:26.008Z] > command requires scopes: ["email","openid","https://www.googleapis.com/auth/cloudplatformprojects.readonly","https://www.googleapis.com/auth/firebase","https://www.googleapis.com/auth/cloud-platform"]
[debug] [2021-04-20T20:33:26.009Z] > authorizing via signed-in user (iamjoshholladay@gmail.com)
[info] i  emulators: Starting emulators: functions, firestore {"metadata":{"emulator":{"name":"hub"},"message":"Starting emulators: functions, firestore"}}
[debug] [2021-04-20T20:33:26.068Z] [hub] writing locator at /var/folders/09/h5r4_60s06s8smwghb72xbbm0000gn/T/hub-calico-7c4ba.json
[warn] ⚠  functions: The following emulators are not running, calls to these services from the Functions emulator will affect production: auth, database, hosting, pubsub {"metadata":{"emulator":{"name":"functions"},"message":"The following emulators are not running, calls to these services from the Functions emulator will affect production: \u001b[1mauth, database, hosting, pubsub\u001b[22m"}}
[warn] ⚠  Your requested "node" version "12" doesn't match your global version "15" {"metadata":{"emulator":{"name":"functions"},"message":"Your requested \"node\" version \"12\" doesn't match your global version \"15\""}}
[debug] [2021-04-20T20:33:26.123Z] defaultcredentials: writing to file /Users/joshholladay/.config/firebase/iamjoshholladay_gmail_com_application_default_credentials.json
[debug] [2021-04-20T20:33:26.133Z] Setting GAC to /Users/joshholladay/.config/firebase/iamjoshholladay_gmail_com_application_default_credentials.json {"metadata":{"emulator":{"name":"functions"},"message":"Setting GAC to /Users/joshholladay/.config/firebase/iamjoshholladay_gmail_com_application_default_credentials.json"}}
[debug] [2021-04-20T20:33:26.136Z] > refreshing access token with scopes: []
[debug] [2021-04-20T20:33:26.138Z] >>> HTTP REQUEST POST https://www.googleapis.com/oauth2/v3/token  
 <request body omitted>
[debug] [2021-04-20T20:33:26.397Z] <<< HTTP RESPONSE 200 {"expires":"Mon, 01 Jan 1990 00:00:00 GMT","pragma":"no-cache","date":"Tue, 20 Apr 2021 20:33:26 GMT","cache-control":"no-cache, no-store, max-age=0, must-revalidate","content-type":"application/json; charset=utf-8","vary":"X-Origin, Referer, Origin,Accept-Encoding","server":"scaffolding on HTTPServer2","x-xss-protection":"0","x-frame-options":"SAMEORIGIN","x-content-type-options":"nosniff","alt-svc":"h3-29=\":443\"; ma=2592000,h3-T051=\":443\"; ma=2592000,h3-Q050=\":443\"; ma=2592000,h3-Q046=\":443\"; ma=2592000,h3-Q043=\":443\"; ma=2592000,quic=\":443\"; ma=2592000; v=\"46,43\"","accept-ranges":"none","transfer-encoding":"chunked"}
[debug] [2021-04-20T20:33:26.440Z] >>> [apiv2][query] GET https://firebase.googleapis.com/v1beta1/projects/calico-7c4ba/adminSdkConfig [none]
[debug] [2021-04-20T20:33:26.791Z] <<< [apiv2][status] GET https://firebase.googleapis.com/v1beta1/projects/calico-7c4ba/adminSdkConfig 200
[debug] [2021-04-20T20:33:26.791Z] <<< [apiv2][body] GET https://firebase.googleapis.com/v1beta1/projects/calico-7c4ba/adminSdkConfig {"projectId":"calico-7c4ba","storageBucket":"calico-7c4ba.appspot.com","locationId":"us-central"}
[debug] [2021-04-20T20:33:26.813Z] Ignoring unsupported arg: projectId {"metadata":{"emulator":{"name":"firestore"},"message":"Ignoring unsupported arg: projectId"}}
[debug] [2021-04-20T20:33:26.813Z] Ignoring unsupported arg: auto_download {"metadata":{"emulator":{"name":"firestore"},"message":"Ignoring unsupported arg: auto_download"}}
[debug] [2021-04-20T20:33:26.813Z] Starting Firestore Emulator with command {"binary":"java","args":["-Dgoogle.cloud_firestore.debug_log_level=FINE","-Duser.language=en","-jar","/Users/joshholladay/.cache/firebase/emulators/cloud-firestore-emulator-v1.11.14.jar","--host","localhost","--port",8080,"--rules","/Users/joshholladay/Projects/PocketRN/calico/firestore.rules","--functions_emulator","localhost:5001"],"optionalArgs":["port","webchannel_port","host","rules","functions_emulator","seed_from_export"],"joinArgs":false} {"metadata":{"emulator":{"name":"firestore"},"message":"Starting Firestore Emulator with command {\"binary\":\"java\",\"args\":[\"-Dgoogle.cloud_firestore.debug_log_level=FINE\",\"-Duser.language=en\",\"-jar\",\"/Users/joshholladay/.cache/firebase/emulators/cloud-firestore-emulator-v1.11.14.jar\",\"--host\",\"localhost\",\"--port\",8080,\"--rules\",\"/Users/joshholladay/Projects/PocketRN/calico/firestore.rules\",\"--functions_emulator\",\"localhost:5001\"],\"optionalArgs\":[\"port\",\"webchannel_port\",\"host\",\"rules\",\"functions_emulator\",\"seed_from_export\"],\"joinArgs\":false}"}}
[info] i  firestore: Firestore Emulator logging to firestore-debug.log {"metadata":{"emulator":{"name":"firestore"},"message":"Firestore Emulator logging to \u001b[1mfirestore-debug.log\u001b[22m"}}
[debug] [2021-04-20T20:33:34.330Z] Apr 20, 2021 2:33:34 PM com.google.cloud.datastore.emulator.firestore.websocket.WebSocketServer start
INFO: Started WebSocket server on ws://localhost:50139
 {"metadata":{"emulator":{"name":"firestore"},"message":"Apr 20, 2021 2:33:34 PM com.google.cloud.datastore.emulator.firestore.websocket.WebSocketServer start\nINFO: Started WebSocket server on ws://localhost:50139\n"}}
[debug] [2021-04-20T20:33:34.371Z] API endpoint: http:// {"metadata":{"emulator":{"name":"firestore"},"message":"API endpoint: http://"}}
[debug] [2021-04-20T20:33:34.371Z] localhost {"metadata":{"emulator":{"name":"firestore"},"message":"localhost"}}
[debug] [2021-04-20T20:33:34.372Z] :8080
If you are using a library that supports the FIRESTORE_EMULATOR_HOST environment variable, run:
 {"metadata":{"emulator":{"name":"firestore"},"message":":8080\nIf you are using a library that supports the FIRESTORE_EMULATOR_HOST environment variable, run:\n"}}
[debug] [2021-04-20T20:33:34.372Z] 
   export FIRESTORE_EMULATOR_HOST=localhost:8080

Dev App Server is now running.

 {"metadata":{"emulator":{"name":"firestore"},"message":"\n   export FIRESTORE_EMULATOR_HOST=localhost:8080\n\nDev App Server is now running.\n\n"}}
[info] i  ui: downloading ui-v1.4.2.zip... {"metadata":{"emulator":{"name":"ui"},"message":"downloading ui-v1.4.2.zip..."}}
[debug] [2021-04-20T20:33:34.451Z] >>> [apiv2][query] GET https://storage.googleapis.com/firebase-preview-drop/emulator/ui-v1.4.2.zip 
[debug] [2021-04-20T20:33:34.651Z] <<< [apiv2][status] GET https://storage.googleapis.com/firebase-preview-drop/emulator/ui-v1.4.2.zip 200
[debug] [2021-04-20T20:33:34.651Z] <<< [apiv2][body] GET https://storage.googleapis.com/firebase-preview-drop/emulator/ui-v1.4.2.zip [stream]
[debug] [2021-04-20T20:33:35.542Z] Ignoring unsupported arg: auto_download {"metadata":{"emulator":{"name":"ui"},"message":"Ignoring unsupported arg: auto_download"}}
[debug] [2021-04-20T20:33:35.542Z] Ignoring unsupported arg: port {"metadata":{"emulator":{"name":"ui"},"message":"Ignoring unsupported arg: port"}}
[debug] [2021-04-20T20:33:35.543Z] Starting Emulator UI with command {"binary":"node","args":["/Users/joshholladay/.cache/firebase/emulators/ui-v1.4.2/server.bundle.js"],"optionalArgs":[],"joinArgs":false} {"metadata":{"emulator":{"name":"ui"},"message":"Starting Emulator UI with command {\"binary\":\"node\",\"args\":[\"/Users/joshholladay/.cache/firebase/emulators/ui-v1.4.2/server.bundle.js\"],\"optionalArgs\":[],\"joinArgs\":false}"}}
[info] i  ui: Emulator UI logging to ui-debug.log {"metadata":{"emulator":{"name":"ui"},"message":"Emulator UI logging to \u001b[1mui-debug.log\u001b[22m"}}
[debug] [2021-04-20T20:33:35.651Z] Web / API server started at http://localhost:4000
 {"metadata":{"emulator":{"name":"ui"},"message":"Web / API server started at http://localhost:4000\n"}}
[info] i  functions: Watching "/Users/joshholladay/Projects/PocketRN/calico/functions" for Cloud Functions... {"metadata":{"emulator":{"name":"functions"},"message":"Watching \"/Users/joshholladay/Projects/PocketRN/calico/functions\" for Cloud Functions..."}}
[debug] [2021-04-20T20:33:35.901Z] [worker-pool] addWorker(~diagnostic~) {"metadata":{"emulator":{"name":"functions"},"message":"[worker-pool] addWorker(~diagnostic~)"}}
[debug] [2021-04-20T20:33:35.901Z] [worker-pool] Adding worker with key ~diagnostic~, total=1 {"metadata":{"emulator":{"name":"functions"},"message":"[worker-pool] Adding worker with key ~diagnostic~, total=1"}}
[debug] [2021-04-20T20:33:35.901Z] [worker-pool] submitWork(triggerId=) {"metadata":{"emulator":{"name":"functions"},"message":"[worker-pool] submitWork(triggerId=)"}}
[debug] [2021-04-20T20:33:35.902Z] [worker-~diagnostic~-0412f130-7d56-4807-8e0a-1b22216a2f8b]: Assigning socketPath: /var/folders/09/h5r4_60s06s8smwghb72xbbm0000gn/T/fire_emu_75219.sock {"metadata":{"emulator":{"name":"functions"},"message":"[worker-~diagnostic~-0412f130-7d56-4807-8e0a-1b22216a2f8b]: Assigning socketPath: /var/folders/09/h5r4_60s06s8smwghb72xbbm0000gn/T/fire_emu_75219.sock"}}
[debug] [2021-04-20T20:33:35.902Z] [worker-~diagnostic~-0412f130-7d56-4807-8e0a-1b22216a2f8b]: BUSY {"metadata":{"emulator":{"name":"functions"},"message":"[worker-~diagnostic~-0412f130-7d56-4807-8e0a-1b22216a2f8b]: BUSY"}}
[debug] [2021-04-20T20:33:36.088Z] [runtime-status] [75219] Functions runtime initialized. {"cwd":"/Users/joshholladay/Projects/PocketRN/calico/functions","node_version":"15.2.1"} {"metadata":{"emulator":{"name":"functions"},"message":"[runtime-status] [75219] Functions runtime initialized. {\"cwd\":\"/Users/joshholladay/Projects/PocketRN/calico/functions\",\"node_version\":\"15.2.1\"}"}}
[debug] [2021-04-20T20:33:36.089Z] [runtime-status] [75219] Disabled runtime features: undefined {"metadata":{"emulator":{"name":"functions"},"message":"[runtime-status] [75219] Disabled runtime features: undefined"}}
[debug] [2021-04-20T20:33:36.091Z] [runtime-status] [75219] Resolved module firebase-admin {"declared":true,"installed":true,"version":"9.6.0","resolution":"/Users/joshholladay/Projects/PocketRN/calico/functions/node_modules/firebase-admin/lib/index.js"} {"metadata":{"emulator":{"name":"functions"},"message":"[runtime-status] [75219] Resolved module firebase-admin {\"declared\":true,\"installed\":true,\"version\":\"9.6.0\",\"resolution\":\"/Users/joshholladay/Projects/PocketRN/calico/functions/node_modules/firebase-admin/lib/index.js\"}"}}
[debug] [2021-04-20T20:33:36.092Z] [runtime-status] [75219] Resolved module firebase-functions {"declared":true,"installed":true,"version":"3.13.2","resolution":"/Users/joshholladay/Projects/PocketRN/calico/functions/node_modules/firebase-functions/lib/index.js"} {"metadata":{"emulator":{"name":"functions"},"message":"[runtime-status] [75219] Resolved module firebase-functions {\"declared\":true,\"installed\":true,\"version\":\"3.13.2\",\"resolution\":\"/Users/joshholladay/Projects/PocketRN/calico/functions/node_modules/firebase-functions/lib/index.js\"}"}}
[debug] [2021-04-20T20:33:36.094Z] [runtime-status] [75219] Resolved module firebase-functions {"declared":true,"installed":true,"version":"3.13.2","resolution":"/Users/joshholladay/Projects/PocketRN/calico/functions/node_modules/firebase-functions/lib/index.js"} {"metadata":{"emulator":{"name":"functions"},"message":"[runtime-status] [75219] Resolved module firebase-functions {\"declared\":true,\"installed\":true,\"version\":\"3.13.2\",\"resolution\":\"/Users/joshholladay/Projects/PocketRN/calico/functions/node_modules/firebase-functions/lib/index.js\"}"}}
[debug] [2021-04-20T20:33:36.096Z] [runtime-status] [75219] Outgoing network have been stubbed. [{"name":"http","status":"mocked"},{"name":"http","status":"mocked"},{"name":"https","status":"mocked"},{"name":"https","status":"mocked"},{"name":"net","status":"mocked"}] {"metadata":{"emulator":{"name":"functions"},"message":"[runtime-status] [75219] Outgoing network have been stubbed. [{\"name\":\"http\",\"status\":\"mocked\"},{\"name\":\"http\",\"status\":\"mocked\"},{\"name\":\"https\",\"status\":\"mocked\"},{\"name\":\"https\",\"status\":\"mocked\"},{\"name\":\"net\",\"status\":\"mocked\"}]"}}
[debug] [2021-04-20T20:33:36.096Z] [runtime-status] [75219] Resolved module firebase-functions {"declared":true,"installed":true,"version":"3.13.2","resolution":"/Users/joshholladay/Projects/PocketRN/calico/functions/node_modules/firebase-functions/lib/index.js"} {"metadata":{"emulator":{"name":"functions"},"message":"[runtime-status] [75219] Resolved module firebase-functions {\"declared\":true,\"installed\":true,\"version\":\"3.13.2\",\"resolution\":\"/Users/joshholladay/Projects/PocketRN/calico/functions/node_modules/firebase-functions/lib/index.js\"}"}}
[debug] [2021-04-20T20:33:36.173Z] [runtime-status] [75219] Checked functions.config() {"config":{}} {"metadata":{"emulator":{"name":"functions"},"message":"[runtime-status] [75219] Checked functions.config() {\"config\":{}}"}}
[debug] [2021-04-20T20:33:36.174Z] [runtime-status] [75219] firebase-functions has been stubbed. {"functionsResolution":{"declared":true,"installed":true,"version":"3.13.2","resolution":"/Users/joshholladay/Projects/PocketRN/calico/functions/node_modules/firebase-functions/lib/index.js"}} {"metadata":{"emulator":{"name":"functions"},"message":"[runtime-status] [75219] firebase-functions has been stubbed. {\"functionsResolution\":{\"declared\":true,\"installed\":true,\"version\":\"3.13.2\",\"resolution\":\"/Users/joshholladay/Projects/PocketRN/calico/functions/node_modules/firebase-functions/lib/index.js\"}}"}}
[debug] [2021-04-20T20:33:36.175Z] [runtime-status] [75219] Resolved module firebase-functions {"declared":true,"installed":true,"version":"3.13.2","resolution":"/Users/joshholladay/Projects/PocketRN/calico/functions/node_modules/firebase-functions/lib/index.js"} {"metadata":{"emulator":{"name":"functions"},"message":"[runtime-status] [75219] Resolved module firebase-functions {\"declared\":true,\"installed\":true,\"version\":\"3.13.2\",\"resolution\":\"/Users/joshholladay/Projects/PocketRN/calico/functions/node_modules/firebase-functions/lib/index.js\"}"}}
[debug] [2021-04-20T20:33:36.176Z] [runtime-status] [75219] Resolved module firebase-admin {"declared":true,"installed":true,"version":"9.6.0","resolution":"/Users/joshholladay/Projects/PocketRN/calico/functions/node_modules/firebase-admin/lib/index.js"} {"metadata":{"emulator":{"name":"functions"},"message":"[runtime-status] [75219] Resolved module firebase-admin {\"declared\":true,\"installed\":true,\"version\":\"9.6.0\",\"resolution\":\"/Users/joshholladay/Projects/PocketRN/calico/functions/node_modules/firebase-admin/lib/index.js\"}"}}
[debug] [2021-04-20T20:33:36.178Z] [runtime-status] [75219] Resolved module firebase-functions {"declared":true,"installed":true,"version":"3.13.2","resolution":"/Users/joshholladay/Projects/PocketRN/calico/functions/node_modules/firebase-functions/lib/index.js"} {"metadata":{"emulator":{"name":"functions"},"message":"[runtime-status] [75219] Resolved module firebase-functions {\"declared\":true,\"installed\":true,\"version\":\"3.13.2\",\"resolution\":\"/Users/joshholladay/Projects/PocketRN/calico/functions/node_modules/firebase-functions/lib/index.js\"}"}}
[debug] [2021-04-20T20:33:36.179Z] [runtime-status] [75219] firebase-admin has been stubbed. {"adminResolution":{"declared":true,"installed":true,"version":"9.6.0","resolution":"/Users/joshholladay/Projects/PocketRN/calico/functions/node_modules/firebase-admin/lib/index.js"}} {"metadata":{"emulator":{"name":"functions"},"message":"[runtime-status] [75219] firebase-admin has been stubbed. {\"adminResolution\":{\"declared\":true,\"installed\":true,\"version\":\"9.6.0\",\"resolution\":\"/Users/joshholladay/Projects/PocketRN/calico/functions/node_modules/firebase-admin/lib/index.js\"}}"}}
[info] 
┌─────────────────────────────────────────────────────────────┐
│ ✔  All emulators ready! It is now safe to connect your app. │
│ i  View Emulator UI at http://localhost:4000                │
└─────────────────────────────────────────────────────────────┘

┌───────────┬────────────────┬─────────────────────────────────┐
│ Emulator  │ Host:Port      │ View in Emulator UI             │
├───────────┼────────────────┼─────────────────────────────────┤
│ Functions │ localhost:5001 │ http://localhost:4000/functions │
├───────────┼────────────────┼─────────────────────────────────┤
│ Firestore │ localhost:8080 │ http://localhost:4000/firestore │
└───────────┴────────────────┴─────────────────────────────────┘
  Emulator Hub running at localhost:4400
  Other reserved ports: 4500

Issues? Report them at https://github.com/firebase/firebase-tools/issues and attach the *-debug.log files.
 
[debug] [2021-04-20T20:33:36.203Z] [worker-~diagnostic~-0412f130-7d56-4807-8e0a-1b22216a2f8b]: IDLE {"metadata":{"emulator":{"name":"functions"},"message":"[worker-~diagnostic~-0412f130-7d56-4807-8e0a-1b22216a2f8b]: IDLE"}}
[debug] [2021-04-20T20:33:50.486Z] Apr 20, 2021 2:33:50 PM io.gapi.emulators.netty.HttpVersionRoutingHandler channelRead
INFO: Detected non-HTTP/2 connection.
 {"metadata":{"emulator":{"name":"firestore"},"message":"Apr 20, 2021 2:33:50 PM io.gapi.emulators.netty.HttpVersionRoutingHandler channelRead\nINFO: Detected non-HTTP/2 connection.\n"}}
[debug] [2021-04-20T20:33:50.782Z] Apr 20, 2021 2:33:50 PM io.gapi.emulators.netty.HttpVersionRoutingHandler channelRead
INFO: Detected HTTP/2 connection.
 {"metadata":{"emulator":{"name":"firestore"},"message":"Apr 20, 2021 2:33:50 PM io.gapi.emulators.netty.HttpVersionRoutingHandler channelRead\nINFO: Detected HTTP/2 connection.\n"}}
[debug] [2021-04-20T20:37:12.868Z] File /Users/joshholladay/Projects/PocketRN/calico/functions/lib/index.js.map changed, reloading triggers {"metadata":{"emulator":{"name":"functions"},"message":"File /Users/joshholladay/Projects/PocketRN/calico/functions/lib/index.js.map changed, reloading triggers"}}
[debug] [2021-04-20T20:37:12.869Z] File /Users/joshholladay/Projects/PocketRN/calico/functions/lib/index.js changed, reloading triggers {"metadata":{"emulator":{"name":"functions"},"message":"File /Users/joshholladay/Projects/PocketRN/calico/functions/lib/index.js changed, reloading triggers"}}
[debug] [2021-04-20T20:37:13.872Z] [worker-pool] Shutting down IDLE worker (~diagnostic~) {"metadata":{"emulator":{"name":"functions"},"message":"[worker-pool] Shutting down IDLE worker (~diagnostic~)"}}
[debug] [2021-04-20T20:37:13.872Z] [worker-~diagnostic~-0412f130-7d56-4807-8e0a-1b22216a2f8b]: FINISHING {"metadata":{"emulator":{"name":"functions"},"message":"[worker-~diagnostic~-0412f130-7d56-4807-8e0a-1b22216a2f8b]: FINISHING"}}
[debug] [2021-04-20T20:37:13.876Z] [worker-pool] addWorker(~diagnostic~) {"metadata":{"emulator":{"name":"functions"},"message":"[worker-pool] addWorker(~diagnostic~)"}}
[debug] [2021-04-20T20:37:13.877Z] [worker-pool] Adding worker with key ~diagnostic~, total=2 {"metadata":{"emulator":{"name":"functions"},"message":"[worker-pool] Adding worker with key ~diagnostic~, total=2"}}
[debug] [2021-04-20T20:37:13.877Z] [worker-pool] submitWork(triggerId=) {"metadata":{"emulator":{"name":"functions"},"message":"[worker-pool] submitWork(triggerId=)"}}
[debug] [2021-04-20T20:37:13.877Z] [worker-~diagnostic~-4228a9df-0f1b-4e69-97dc-bac7ee6fca9e]: Assigning socketPath: /var/folders/09/h5r4_60s06s8smwghb72xbbm0000gn/T/fire_emu_76501.sock {"metadata":{"emulator":{"name":"functions"},"message":"[worker-~diagnostic~-4228a9df-0f1b-4e69-97dc-bac7ee6fca9e]: Assigning socketPath: /var/folders/09/h5r4_60s06s8smwghb72xbbm0000gn/T/fire_emu_76501.sock"}}
[debug] [2021-04-20T20:37:13.877Z] [worker-~diagnostic~-4228a9df-0f1b-4e69-97dc-bac7ee6fca9e]: BUSY {"metadata":{"emulator":{"name":"functions"},"message":"[worker-~diagnostic~-4228a9df-0f1b-4e69-97dc-bac7ee6fca9e]: BUSY"}}
[debug] [2021-04-20T20:37:13.878Z] [worker-~diagnostic~-0412f130-7d56-4807-8e0a-1b22216a2f8b]: exited {"metadata":{"emulator":{"name":"functions"},"message":"[worker-~diagnostic~-0412f130-7d56-4807-8e0a-1b22216a2f8b]: exited"}}
[debug] [2021-04-20T20:37:13.879Z] [worker-~diagnostic~-0412f130-7d56-4807-8e0a-1b22216a2f8b]: FINISHED {"metadata":{"emulator":{"name":"functions"},"message":"[worker-~diagnostic~-0412f130-7d56-4807-8e0a-1b22216a2f8b]: FINISHED"}}
[debug] [2021-04-20T20:37:14.211Z] [runtime-status] [76501] Functions runtime initialized. {"cwd":"/Users/joshholladay/Projects/PocketRN/calico/functions","node_version":"15.2.1"} {"metadata":{"emulator":{"name":"functions"},"message":"[runtime-status] [76501] Functions runtime initialized. {\"cwd\":\"/Users/joshholladay/Projects/PocketRN/calico/functions\",\"node_version\":\"15.2.1\"}"}}
[debug] [2021-04-20T20:37:14.212Z] [runtime-status] [76501] Disabled runtime features: undefined {"metadata":{"emulator":{"name":"functions"},"message":"[runtime-status] [76501] Disabled runtime features: undefined"}}
[debug] [2021-04-20T20:37:14.214Z] [runtime-status] [76501] Resolved module firebase-admin {"declared":true,"installed":true,"version":"9.6.0","resolution":"/Users/joshholladay/Projects/PocketRN/calico/functions/node_modules/firebase-admin/lib/index.js"} {"metadata":{"emulator":{"name":"functions"},"message":"[runtime-status] [76501] Resolved module firebase-admin {\"declared\":true,\"installed\":true,\"version\":\"9.6.0\",\"resolution\":\"/Users/joshholladay/Projects/PocketRN/calico/functions/node_modules/firebase-admin/lib/index.js\"}"}}
[debug] [2021-04-20T20:37:14.215Z] [runtime-status] [76501] Resolved module firebase-functions {"declared":true,"installed":true,"version":"3.13.2","resolution":"/Users/joshholladay/Projects/PocketRN/calico/functions/node_modules/firebase-functions/lib/index.js"} {"metadata":{"emulator":{"name":"functions"},"message":"[runtime-status] [76501] Resolved module firebase-functions {\"declared\":true,\"installed\":true,\"version\":\"3.13.2\",\"resolution\":\"/Users/joshholladay/Projects/PocketRN/calico/functions/node_modules/firebase-functions/lib/index.js\"}"}}
[debug] [2021-04-20T20:37:14.216Z] [runtime-status] [76501] Resolved module firebase-functions {"declared":true,"installed":true,"version":"3.13.2","resolution":"/Users/joshholladay/Projects/PocketRN/calico/functions/node_modules/firebase-functions/lib/index.js"} {"metadata":{"emulator":{"name":"functions"},"message":"[runtime-status] [76501] Resolved module firebase-functions {\"declared\":true,\"installed\":true,\"version\":\"3.13.2\",\"resolution\":\"/Users/joshholladay/Projects/PocketRN/calico/functions/node_modules/firebase-functions/lib/index.js\"}"}}
[debug] [2021-04-20T20:37:14.218Z] [runtime-status] [76501] Outgoing network have been stubbed. [{"name":"http","status":"mocked"},{"name":"http","status":"mocked"},{"name":"https","status":"mocked"},{"name":"https","status":"mocked"},{"name":"net","status":"mocked"}] {"metadata":{"emulator":{"name":"functions"},"message":"[runtime-status] [76501] Outgoing network have been stubbed. [{\"name\":\"http\",\"status\":\"mocked\"},{\"name\":\"http\",\"status\":\"mocked\"},{\"name\":\"https\",\"status\":\"mocked\"},{\"name\":\"https\",\"status\":\"mocked\"},{\"name\":\"net\",\"status\":\"mocked\"}]"}}
[debug] [2021-04-20T20:37:14.218Z] [runtime-status] [76501] Resolved module firebase-functions {"declared":true,"installed":true,"version":"3.13.2","resolution":"/Users/joshholladay/Projects/PocketRN/calico/functions/node_modules/firebase-functions/lib/index.js"} {"metadata":{"emulator":{"name":"functions"},"message":"[runtime-status] [76501] Resolved module firebase-functions {\"declared\":true,\"installed\":true,\"version\":\"3.13.2\",\"resolution\":\"/Users/joshholladay/Projects/PocketRN/calico/functions/node_modules/firebase-functions/lib/index.js\"}"}}
[debug] [2021-04-20T20:37:14.325Z] [runtime-status] [76501] Checked functions.config() {"config":{}} {"metadata":{"emulator":{"name":"functions"},"message":"[runtime-status] [76501] Checked functions.config() {\"config\":{}}"}}
[debug] [2021-04-20T20:37:14.326Z] [runtime-status] [76501] firebase-functions has been stubbed. {"functionsResolution":{"declared":true,"installed":true,"version":"3.13.2","resolution":"/Users/joshholladay/Projects/PocketRN/calico/functions/node_modules/firebase-functions/lib/index.js"}} {"metadata":{"emulator":{"name":"functions"},"message":"[runtime-status] [76501] firebase-functions has been stubbed. {\"functionsResolution\":{\"declared\":true,\"installed\":true,\"version\":\"3.13.2\",\"resolution\":\"/Users/joshholladay/Projects/PocketRN/calico/functions/node_modules/firebase-functions/lib/index.js\"}}"}}
[debug] [2021-04-20T20:37:14.326Z] [runtime-status] [76501] Resolved module firebase-functions {"declared":true,"installed":true,"version":"3.13.2","resolution":"/Users/joshholladay/Projects/PocketRN/calico/functions/node_modules/firebase-functions/lib/index.js"} {"metadata":{"emulator":{"name":"functions"},"message":"[runtime-status] [76501] Resolved module firebase-functions {\"declared\":true,\"installed\":true,\"version\":\"3.13.2\",\"resolution\":\"/Users/joshholladay/Projects/PocketRN/calico/functions/node_modules/firebase-functions/lib/index.js\"}"}}
[debug] [2021-04-20T20:37:14.327Z] [runtime-status] [76501] Resolved module firebase-admin {"declared":true,"installed":true,"version":"9.6.0","resolution":"/Users/joshholladay/Projects/PocketRN/calico/functions/node_modules/firebase-admin/lib/index.js"} {"metadata":{"emulator":{"name":"functions"},"message":"[runtime-status] [76501] Resolved module firebase-admin {\"declared\":true,\"installed\":true,\"version\":\"9.6.0\",\"resolution\":\"/Users/joshholladay/Projects/PocketRN/calico/functions/node_modules/firebase-admin/lib/index.js\"}"}}
[debug] [2021-04-20T20:37:14.327Z] [runtime-status] [76501] Resolved module firebase-functions {"declared":true,"installed":true,"version":"3.13.2","resolution":"/Users/joshholladay/Projects/PocketRN/calico/functions/node_modules/firebase-functions/lib/index.js"} {"metadata":{"emulator":{"name":"functions"},"message":"[runtime-status] [76501] Resolved module firebase-functions {\"declared\":true,\"installed\":true,\"version\":\"3.13.2\",\"resolution\":\"/Users/joshholladay/Projects/PocketRN/calico/functions/node_modules/firebase-functions/lib/index.js\"}"}}
[debug] [2021-04-20T20:37:14.327Z] [runtime-status] [76501] firebase-admin has been stubbed. {"adminResolution":{"declared":true,"installed":true,"version":"9.6.0","resolution":"/Users/joshholladay/Projects/PocketRN/calico/functions/node_modules/firebase-admin/lib/index.js"}} {"metadata":{"emulator":{"name":"functions"},"message":"[runtime-status] [76501] firebase-admin has been stubbed. {\"adminResolution\":{\"declared\":true,\"installed\":true,\"version\":\"9.6.0\",\"resolution\":\"/Users/joshholladay/Projects/PocketRN/calico/functions/node_modules/firebase-admin/lib/index.js\"}}"}}
[debug] [2021-04-20T20:37:14.329Z] [worker-~diagnostic~-4228a9df-0f1b-4e69-97dc-bac7ee6fca9e]: IDLE {"metadata":{"emulator":{"name":"functions"},"message":"[worker-~diagnostic~-4228a9df-0f1b-4e69-97dc-bac7ee6fca9e]: IDLE"}}
[info] ✔  functions[firstFunc]: http function initialized (http://localhost:5001/calico-7c4ba/us-central1/firstFunc). {"metadata":{"emulator":{"name":"functions"},"message":"\u001b[1mhttp\u001b[22m function initialized (http://localhost:5001/calico-7c4ba/us-central1/firstFunc)."}}
[debug] [2021-04-20T20:37:36.820Z] Functions emulator received unknown request at path /__/firebase/8.4.1/firebase-app.js
[debug] [2021-04-20T20:37:36.822Z] Functions emulator received unknown request at path /__/firebase/init.js
[debug] [2021-04-20T20:37:37.044Z] Functions emulator received unknown request at path /__/firebase/8.4.1/firebase-app.js
[debug] [2021-04-20T20:37:37.055Z] Functions emulator received unknown request at path /__/firebase/init.js
[debug] [2021-04-20T20:38:27.367Z] Functions emulator received unknown request at path /__/firebase/8.4.1/firebase-app.js
[debug] [2021-04-20T20:38:27.375Z] Functions emulator received unknown request at path /__/firebase/init.js
[debug] [2021-04-20T21:04:37.417Z] Functions emulator received unknown request at path /__/firebase/8.4.1/firebase-app.js
[debug] [2021-04-20T21:04:37.428Z] Functions emulator received unknown request at path /__/firebase/init.js
